<?xml version="1.0" encoding="UTF-8"?>
<testng-results ignored="0" total="1" passed="1" failed="0" skipped="0">
  <reporter-output>
  </reporter-output>
  <suite started-at="2023-09-06T20:27:02 IST" name="Default suite" finished-at="2023-09-06T20:27:37 IST" duration-ms="34855">
    <groups>
    </groups>
    <test started-at="2023-09-06T20:27:02 IST" name="Default test" finished-at="2023-09-06T20:27:37 IST" duration-ms="34855">
      <class name="scripts.TestCase2">
        <test-method is-config="true" signature="openApp()[pri:0, instance:scripts.TestCase2@6aeb35e6]" started-at="2023-09-06T20:27:02 IST" name="openApp" finished-at="2023-09-06T20:27:08 IST" duration-ms="6317" status="PASS">
          <reporter-output>
          </reporter-output>
        </test-method> <!-- openApp -->
        <test-method signature="tc2()[pri:0, instance:scripts.TestCase2@6aeb35e6]" started-at="2023-09-06T20:27:08 IST" name="tc2" finished-at="2023-09-06T20:27:35 IST" duration-ms="27169" status="PASS">
          <reporter-output>
          </reporter-output>
        </test-method> <!-- tc2 -->
        <test-method is-config="true" signature="closeApp(org.testng.ITestResult)[pri:0, instance:scripts.TestCase2@6aeb35e6]" started-at="2023-09-06T20:27:35 IST" name="closeApp" finished-at="2023-09-06T20:27:37 IST" duration-ms="1325" status="PASS">
          <params>
            <param index="0">
              <value>
                <![CDATA[[TestResult name=tc2 status=SUCCESS method=TestCase2.tc2()[pri:0, instance:scripts.TestCase2@6aeb35e6] output={null}]]]>
              </value>
            </param>
          </params>
          <reporter-output>
          </reporter-output>
        </test-method> <!-- closeApp -->
      </class> <!-- scripts.TestCase2 -->
    </test> <!-- Default test -->
  </suite> <!-- Default suite -->
</testng-results>
