<?xml version="1.0" encoding="UTF-8"?>
<testng-results ignored="0" total="1" passed="1" failed="0" skipped="0">
  <reporter-output>
  </reporter-output>
  <suite started-at="2023-09-07T20:29:56 IST" name="Default suite" finished-at="2023-09-07T20:29:56 IST" duration-ms="114">
    <groups>
    </groups>
    <test started-at="2023-09-07T20:29:56 IST" name="Default test" finished-at="2023-09-07T20:29:56 IST" duration-ms="114">
      <class name="Scripts.Demo">
        <test-method signature="demo()[pri:0, instance:Scripts.Demo@5c33f1a9]" started-at="2023-09-07T20:29:56 IST" name="demo" finished-at="2023-09-07T20:29:56 IST" duration-ms="28" status="PASS">
          <reporter-output>
          </reporter-output>
        </test-method> <!-- demo -->
      </class> <!-- Scripts.Demo -->
    </test> <!-- Default test -->
  </suite> <!-- Default suite -->
</testng-results>
